<?xml version="1.0" encoding="UTF-8"?>
<!-- Generated by org.testng.reporters.JUnitXMLReporter -->
<testsuite ignored="0" hostname="LAPTOP-G3UQQ45K" failures="0" tests="4" name="Test" time="0.032" errors="0" timestamp="2025-04-05T10:29:05 IST">
  <testcase classname="pac1.ContactTest" name="createContactTest" time="0.0"/>
  <testcase classname="pac1.ContactTest" name="modifycreateContactTest" time="0.0"/>
  <testcase classname="pac2.OrgTest" name="createOrgTest" time="0.0"/>
  <testcase classname="pac2.OrgTest" name="modifyOrgTest" time="0.0"/>
</testsuite> <!-- Test -->
