<?xml version="1.0" encoding="UTF-8"?>
<testng-results ignored="0" total="2" passed="2" failed="0" skipped="0">
  <reporter-output>
  </reporter-output>
  <suite started-at="2025-04-05T10:34:44 IST" name="Surefire suite" finished-at="2025-04-05T10:34:44 IST" duration-ms="45">
    <groups>
    </groups>
    <test started-at="2025-04-05T10:34:44 IST" name="Surefire test" finished-at="2025-04-05T10:34:44 IST" duration-ms="45">
      <class name="pac1.ContactTest">
        <test-method signature="createContactTest()[pri:0, instance:pac1.ContactTest@229d10bd]" started-at="2025-04-05T10:34:44 IST" name="createContactTest" finished-at="2025-04-05T10:34:44 IST" duration-ms="6" status="PASS">
          <reporter-output>
          </reporter-output>
        </test-method> <!-- createContactTest -->
        <test-method signature="modifycreateContactTest()[pri:0, instance:pac1.ContactTest@229d10bd]" started-at="2025-04-05T10:34:44 IST" name="modifycreateContactTest" finished-at="2025-04-05T10:34:44 IST" duration-ms="1" status="PASS">
          <reporter-output>
          </reporter-output>
        </test-method> <!-- modifycreateContactTest -->
      </class> <!-- pac1.ContactTest -->
    </test> <!-- Surefire test -->
  </suite> <!-- Surefire suite -->
</testng-results>
